<?xml version="1.0" encoding="UTF-8"?>
<testng-results skipped="0" failed="0" ignored="0" total="2" passed="2">
  <reporter-output>
  </reporter-output>
  <suite name="Surefire suite" duration-ms="62" started-at="2019-08-01T18:44:47Z" finished-at="2019-08-01T18:44:47Z">
    <groups>
    </groups>
    <test name="Surefire test" duration-ms="62" started-at="2019-08-01T18:44:47Z" finished-at="2019-08-01T18:44:47Z">
      <class name="MyFirstProject.RESTAPITest">
        <test-method status="PASS" signature="restapitest1()[pri:0, instance:MyFirstProject.RESTAPITest@7a0ac6e3]" name="restapitest1" duration-ms="16" started-at="2019-08-02T00:14:47Z" finished-at="2019-08-02T00:14:47Z">
          <reporter-output>
          </reporter-output>
        </test-method> <!-- restapitest1 -->
      </class> <!-- MyFirstProject.RESTAPITest -->
      <class name="MyFirstProject.SeleniumTest">
        <test-method status="PASS" signature="firsttest()[pri:0, instance:MyFirstProject.SeleniumTest@17f6480]" name="firsttest" duration-ms="0" started-at="2019-08-02T00:14:47Z" finished-at="2019-08-02T00:14:47Z">
          <reporter-output>
          </reporter-output>
        </test-method> <!-- firsttest -->
      </class> <!-- MyFirstProject.SeleniumTest -->
    </test> <!-- Surefire test -->
  </suite> <!-- Surefire suite -->
</testng-results>
